Determining if the pthread_create exist failed with the following output:
Change Dir: /home/kirk/ws_moveit/build/panda_moveit_config/CMakeFiles/CMakeTmp

Run Build Command:"/usr/bin/make" "cmTC_a329f/fast"
/usr/bin/make -f CMakeFiles/cmTC_a329f.dir/build.make CMakeFiles/cmTC_a329f.dir/build
make[1]: Entering directory '/home/kirk/ws_moveit/build/panda_moveit_config/CMakeFiles/CMakeTmp'
Building C object CMakeFiles/cmTC_a329f.dir/CheckSymbolExists.c.o
/usr/bin/cc    -o CMakeFiles/cmTC_a329f.dir/CheckSymbolExists.c.o   -c /home/kirk/ws_moveit/build/panda_moveit_config/CMakeFiles/CMakeTmp/CheckSymbolExists.c
Linking C executable cmTC_a329f
/usr/bin/cmake -E cmake_link_script CMakeFiles/cmTC_a329f.dir/link.txt --verbose=1
/usr/bin/cc      -rdynamic CMakeFiles/cmTC_a329f.dir/CheckSymbolExists.c.o  -o cmTC_a329f 
CMakeFiles/cmTC_a329f.dir/CheckSymbolExists.c.o: In function `main':
CheckSymbolExists.c:(.text+0x1b): undefined reference to `pthread_create'
collect2: error: ld returned 1 exit status
CMakeFiles/cmTC_a329f.dir/build.make:97: recipe for target 'cmTC_a329f' failed
make[1]: *** [cmTC_a329f] Error 1
make[1]: Leaving directory '/home/kirk/ws_moveit/build/panda_moveit_config/CMakeFiles/CMakeTmp'
Makefile:126: recipe for target 'cmTC_a329f/fast' failed
make: *** [cmTC_a329f/fast] Error 2

File /home/kirk/ws_moveit/build/panda_moveit_config/CMakeFiles/CMakeTmp/CheckSymbolExists.c:
/* */
#include <pthread.h>

int main(int argc, char** argv)
{
  (void)argv;
#ifndef pthread_create
  return ((int*)(&pthread_create))[argc];
#else
  (void)argc;
  return 0;
#endif
}

Determining if the function pthread_create exists in the pthreads failed with the following output:
Change Dir: /home/kirk/ws_moveit/build/panda_moveit_config/CMakeFiles/CMakeTmp

Run Build Command:"/usr/bin/make" "cmTC_029f7/fast"
/usr/bin/make -f CMakeFiles/cmTC_029f7.dir/build.make CMakeFiles/cmTC_029f7.dir/build
make[1]: Entering directory '/home/kirk/ws_moveit/build/panda_moveit_config/CMakeFiles/CMakeTmp'
Building C object CMakeFiles/cmTC_029f7.dir/CheckFunctionExists.c.o
/usr/bin/cc   -DCHECK_FUNCTION_EXISTS=pthread_create   -o CMakeFiles/cmTC_029f7.dir/CheckFunctionExists.c.o   -c /usr/share/cmake-3.10/Modules/CheckFunctionExists.c
Linking C executable cmTC_029f7
/usr/bin/cmake -E cmake_link_script CMakeFiles/cmTC_029f7.dir/link.txt --verbose=1
/usr/bin/cc  -DCHECK_FUNCTION_EXISTS=pthread_create    -rdynamic CMakeFiles/cmTC_029f7.dir/CheckFunctionExists.c.o  -o cmTC_029f7 -lpthreads 
/usr/bin/ld: cannot find -lpthreads
collect2: error: ld returned 1 exit status
CMakeFiles/cmTC_029f7.dir/build.make:97: recipe for target 'cmTC_029f7' failed
make[1]: *** [cmTC_029f7] Error 1
make[1]: Leaving directory '/home/kirk/ws_moveit/build/panda_moveit_config/CMakeFiles/CMakeTmp'
Makefile:126: recipe for target 'cmTC_029f7/fast' failed
make: *** [cmTC_029f7/fast] Error 2


